app/build/intermediates/manifest_merge_blame_file/release/manifest-merger-blame-release-report.txt
1<?xml version="1.0" encoding="utf-8"?>
2<manifest xmlns:android="http://schemas.android.com/apk/res/android"
3    package="com.aol.philipphofer"
4    android:versionCode="21"
5    android:versionName="2.2.2" >
6
7    <uses-sdk
8        android:minSdkVersion="23"
8-->src/main/AndroidManifest.xml
9        android:targetSdkVersion="28" />
9-->src/main/AndroidManifest.xml
10
11    <uses-permission android:name="com.android.vending.BILLING" />
11-->src/main/AndroidManifest.xml:5:5-67
11-->src/main/AndroidManifest.xml:5:22-64
12    <uses-permission android:name="android.permission.INTERNET" />
12-->src/main/AndroidManifest.xml:6:5-66
12-->src/main/AndroidManifest.xml:6:22-64
13    <uses-permission android:name="android.permission.ACCESS_NETWORK_STATE" />
13-->[com.google.android.gms:play-services-ads-lite:19.1.0] AndroidManifest.xml:24:5-79
13-->[com.google.android.gms:play-services-ads-lite:19.1.0] AndroidManifest.xml:24:22-76
14    <uses-permission android:name="android.permission.WAKE_LOCK" />
14-->[com.google.android.gms:play-services-measurement-sdk-api:17.1.0] AndroidManifest.xml:25:5-68
14-->[com.google.android.gms:play-services-measurement-sdk-api:17.1.0] AndroidManifest.xml:25:22-65
15
16    <application
16-->src/main/AndroidManifest.xml:7:5-95:19
17        android:allowBackup="true"
17-->src/main/AndroidManifest.xml:8:9-35
18        android:appComponentFactory="androidx.core.app.CoreComponentFactory"
18-->[androidx.core:core:1.1.0] AndroidManifest.xml:24:18-86
19        android:icon="@mipmap/ic_launcher"
19-->src/main/AndroidManifest.xml:9:9-43
20        android:label="@string/app_name"
20-->src/main/AndroidManifest.xml:10:9-41
21        android:roundIcon="@mipmap/ic_launcher_round"
21-->src/main/AndroidManifest.xml:11:9-54
22        android:supportsRtl="true"
22-->src/main/AndroidManifest.xml:12:9-35
23        android:theme="@style/AppTheme"
23-->src/main/AndroidManifest.xml:14:9-40
24        android:usesCleartextTraffic="true" >
24-->src/main/AndroidManifest.xml:13:9-44
25        <meta-data
25-->src/main/AndroidManifest.xml:16:9-18:47
26            android:name="com.google.android.gms.ads.APPLICATION_ID"
26-->src/main/AndroidManifest.xml:17:13-69
27            android:value="@string/adMob_ID" />
27-->src/main/AndroidManifest.xml:18:13-45
28
29        <activity
29-->src/main/AndroidManifest.xml:20:9-45:20
30            android:name="com.aol.philipphofer.logic.StartActivity"
30-->src/main/AndroidManifest.xml:21:13-48
31            android:launchMode="singleTask"
31-->src/main/AndroidManifest.xml:23:13-44
32            android:screenOrientation="portrait"
32-->src/main/AndroidManifest.xml:22:13-49
33            android:theme="@style/SplashTheme" >
33-->src/main/AndroidManifest.xml:24:13-47
34            <intent-filter>
34-->src/main/AndroidManifest.xml:25:13-28:29
35                <action android:name="android.intent.action.MAIN" />
35-->src/main/AndroidManifest.xml:26:17-69
35-->src/main/AndroidManifest.xml:26:25-66
36
37                <category android:name="android.intent.category.LAUNCHER" />
37-->src/main/AndroidManifest.xml:27:17-77
37-->src/main/AndroidManifest.xml:27:27-74
38            </intent-filter>
39            <intent-filter>
39-->src/main/AndroidManifest.xml:30:13-35:29
40                <data android:scheme="hofer.sudoku.expert" />
40-->src/main/AndroidManifest.xml:31:17-62
40-->src/main/AndroidManifest.xml:31:23-59
41
42                <action android:name="android.intent.action.VIEW" />
42-->src/main/AndroidManifest.xml:32:17-69
42-->src/main/AndroidManifest.xml:32:25-66
43
44                <category android:name="android.intent.category.BROWSABLE" />
44-->src/main/AndroidManifest.xml:33:17-78
44-->src/main/AndroidManifest.xml:33:27-75
45                <category android:name="android.intent.category.DEFAULT" />
45-->src/main/AndroidManifest.xml:34:17-76
45-->src/main/AndroidManifest.xml:34:27-73
46            </intent-filter>
47            <intent-filter>
47-->src/main/AndroidManifest.xml:37:13-44:29
48                <data
48-->src/main/AndroidManifest.xml:31:17-62
49                    android:host="philipphofer.de"
49-->src/main/AndroidManifest.xml:39:21-51
50                    android:path="/share"
50-->src/main/AndroidManifest.xml:40:21-42
51                    android:scheme="https" />
51-->src/main/AndroidManifest.xml:31:23-59
52
53                <action android:name="android.intent.action.VIEW" />
53-->src/main/AndroidManifest.xml:32:17-69
53-->src/main/AndroidManifest.xml:32:25-66
54
55                <category android:name="android.intent.category.BROWSABLE" />
55-->src/main/AndroidManifest.xml:33:17-78
55-->src/main/AndroidManifest.xml:33:27-75
56                <category android:name="android.intent.category.DEFAULT" />
56-->src/main/AndroidManifest.xml:34:17-76
56-->src/main/AndroidManifest.xml:34:27-73
57            </intent-filter>
58        </activity>
59        <activity
59-->src/main/AndroidManifest.xml:46:9-54:20
60            android:name="com.aol.philipphofer.logic.MainActivity"
60-->src/main/AndroidManifest.xml:47:13-47
61            android:launchMode="singleTask"
61-->src/main/AndroidManifest.xml:49:13-44
62            android:parentActivityName="com.aol.philipphofer.logic.StartActivity"
62-->src/main/AndroidManifest.xml:48:13-62
63            android:screenOrientation="portrait" >
63-->src/main/AndroidManifest.xml:50:13-49
64            <intent-filter>
64-->src/main/AndroidManifest.xml:51:13-53:29
65                <action android:name="android.intent.action.VIEW" />
65-->src/main/AndroidManifest.xml:32:17-69
65-->src/main/AndroidManifest.xml:32:25-66
66            </intent-filter>
67        </activity>
68        <activity
68-->src/main/AndroidManifest.xml:55:9-64:20
69            android:name="com.aol.philipphofer.gui.NewSudoku"
69-->src/main/AndroidManifest.xml:56:13-42
70            android:launchMode="singleInstance"
70-->src/main/AndroidManifest.xml:59:13-48
71            android:parentActivityName="com.aol.philipphofer.logic.MainActivity"
71-->src/main/AndroidManifest.xml:58:13-61
72            android:theme="@style/Theme.Transparent" >
72-->src/main/AndroidManifest.xml:57:13-53
73            <intent-filter>
73-->src/main/AndroidManifest.xml:60:13-63:29
74                <action android:name="android.intent.action.VIEW" />
74-->src/main/AndroidManifest.xml:32:17-69
74-->src/main/AndroidManifest.xml:32:25-66
75
76                <category android:name="android.intent.category.LAUNCHER" />
76-->src/main/AndroidManifest.xml:27:17-77
76-->src/main/AndroidManifest.xml:27:27-74
77            </intent-filter>
78        </activity>
79        <activity
79-->src/main/AndroidManifest.xml:65:9-74:20
80            android:name="com.aol.philipphofer.gui.EndCard"
80-->src/main/AndroidManifest.xml:66:13-40
81            android:launchMode="singleInstance"
81-->src/main/AndroidManifest.xml:68:13-48
82            android:parentActivityName="com.aol.philipphofer.logic.MainActivity"
82-->src/main/AndroidManifest.xml:67:13-61
83            android:screenOrientation="portrait" >
83-->src/main/AndroidManifest.xml:69:13-49
84            <intent-filter>
84-->src/main/AndroidManifest.xml:60:13-63:29
85                <action android:name="android.intent.action.VIEW" />
85-->src/main/AndroidManifest.xml:32:17-69
85-->src/main/AndroidManifest.xml:32:25-66
86
87                <category android:name="android.intent.category.LAUNCHER" />
87-->src/main/AndroidManifest.xml:27:17-77
87-->src/main/AndroidManifest.xml:27:27-74
88            </intent-filter>
89        </activity>
90        <activity
90-->src/main/AndroidManifest.xml:75:9-84:20
91            android:name="com.aol.philipphofer.gui.Settings"
91-->src/main/AndroidManifest.xml:76:13-41
92            android:launchMode="singleInstance"
92-->src/main/AndroidManifest.xml:78:13-48
93            android:parentActivityName="com.aol.philipphofer.logic.MainActivity"
93-->src/main/AndroidManifest.xml:77:13-61
94            android:screenOrientation="portrait" >
94-->src/main/AndroidManifest.xml:79:13-49
95            <intent-filter>
95-->src/main/AndroidManifest.xml:60:13-63:29
96                <action android:name="android.intent.action.VIEW" />
96-->src/main/AndroidManifest.xml:32:17-69
96-->src/main/AndroidManifest.xml:32:25-66
97
98                <category android:name="android.intent.category.LAUNCHER" />
98-->src/main/AndroidManifest.xml:27:17-77
98-->src/main/AndroidManifest.xml:27:27-74
99            </intent-filter>
100        </activity>
101        <activity
101-->src/main/AndroidManifest.xml:85:9-94:20
102            android:name="com.aol.philipphofer.gui.Statistics"
102-->src/main/AndroidManifest.xml:86:13-43
103            android:launchMode="singleInstance"
103-->src/main/AndroidManifest.xml:88:13-48
104            android:parentActivityName="com.aol.philipphofer.logic.MainActivity"
104-->src/main/AndroidManifest.xml:87:13-61
105            android:screenOrientation="portrait" >
105-->src/main/AndroidManifest.xml:89:13-49
106            <intent-filter>
106-->src/main/AndroidManifest.xml:60:13-63:29
107                <action android:name="android.intent.action.VIEW" />
107-->src/main/AndroidManifest.xml:32:17-69
107-->src/main/AndroidManifest.xml:32:25-66
108
109                <category android:name="android.intent.category.LAUNCHER" />
109-->src/main/AndroidManifest.xml:27:17-77
109-->src/main/AndroidManifest.xml:27:27-74
110            </intent-filter>
111        </activity>
112        <!-- Include the AdActivity and InAppPurchaseActivity configChanges and themes. -->
113        <activity
113-->[com.google.android.gms:play-services-ads-lite:19.1.0] AndroidManifest.xml:29:9-33:64
114            android:name="com.google.android.gms.ads.AdActivity"
114-->[com.google.android.gms:play-services-ads-lite:19.1.0] AndroidManifest.xml:30:13-65
115            android:configChanges="keyboard|keyboardHidden|orientation|screenLayout|uiMode|screenSize|smallestScreenSize"
115-->[com.google.android.gms:play-services-ads-lite:19.1.0] AndroidManifest.xml:31:13-122
116            android:exported="false"
116-->[com.google.android.gms:play-services-ads-lite:19.1.0] AndroidManifest.xml:32:13-37
117            android:theme="@android:style/Theme.Translucent" />
117-->[com.google.android.gms:play-services-ads-lite:19.1.0] AndroidManifest.xml:33:13-61
118
119        <provider
119-->[com.google.android.gms:play-services-ads-lite:19.1.0] AndroidManifest.xml:35:9-39:39
120            android:name="com.google.android.gms.ads.MobileAdsInitProvider"
120-->[com.google.android.gms:play-services-ads-lite:19.1.0] AndroidManifest.xml:36:13-76
121            android:authorities="com.aol.philipphofer.mobileadsinitprovider"
121-->[com.google.android.gms:play-services-ads-lite:19.1.0] AndroidManifest.xml:37:13-73
122            android:exported="false"
122-->[com.google.android.gms:play-services-ads-lite:19.1.0] AndroidManifest.xml:38:13-37
123            android:initOrder="100" />
123-->[com.google.android.gms:play-services-ads-lite:19.1.0] AndroidManifest.xml:39:13-36
124
125        <meta-data
125-->[com.google.android.gms:play-services-basement:17.0.0] AndroidManifest.xml:23:9-25:69
126            android:name="com.google.android.gms.version"
126-->[com.google.android.gms:play-services-basement:17.0.0] AndroidManifest.xml:24:13-58
127            android:value="@integer/google_play_services_version" />
127-->[com.google.android.gms:play-services-basement:17.0.0] AndroidManifest.xml:25:13-66
128    </application>
129
130</manifest>